Running: C:\Xilinx\14.7\ISE_DS\ISE\bin\nt64\unwrapped\fuse.exe -intstyle ise -incremental -o C:/Users/taravat/Desktop/fpga-project/fpgaProject/imageCompression/test_counter_isim_beh.exe -prj C:/Users/taravat/Desktop/fpga-project/fpgaProject/imageCompression/test_counter_beh.prj work.test_counter 
ISim P.20131013 (signature 0x7708f090)
Number of CPUs detected in this system: 4
Turning on mult-threading, number of parallel sub-compilation jobs: 8 
Determining compilation order of HDL files
Parsing VHDL file "C:/Users/taravat/Desktop/fpga-project/fpgaProject/imageCompression/counter.vhd" into library work
Parsing VHDL file "C:/Users/taravat/Desktop/fpga-project/fpgaProject/imageCompression/test_counter.vhd" into library work
Starting static elaboration
Completed static elaboration
Compiling package standard
Compiling package std_logic_1164
Compiling package numeric_std
Compiling package std_logic_arith
Compiling package std_logic_unsigned
Compiling architecture behavioral of entity counter [counter_default]
Compiling architecture behavior of entity test_counter
Time Resolution for simulation is 1ps.
Compiled 8 VHDL Units
Built simulation executable C:/Users/taravat/Desktop/fpga-project/fpgaProject/imageCompression/test_counter_isim_beh.exe
Fuse Memory Usage: 36824 KB
Fuse CPU Usage: 640 ms
